[0mGET / [32m200[0m 104.213 ms - 15316[0m
[0mGET / [36m304[0m 100.446 ms - -[0m
::1 - - [13/Jul/2020:15:55:58 +0000] "GET / HTTP/1.1" 200 5681 "-" "Mozilla/5.0 (Windows NT 10.0; Win64; x64) AppleWebKit/537.36 (KHTML, like Gecko) Chrome/83.0.4103.116 Safari/537.36"
::1 - - [13/Jul/2020:15:56:00 +0000] "GET /favicon.ico HTTP/1.1" 404 150 "http://localhost:7000/" "Mozilla/5.0 (Windows NT 10.0; Win64; x64) AppleWebKit/537.36 (KHTML, like Gecko) Chrome/83.0.4103.116 Safari/537.36"
[0mGET / [32m200[0m 103.624 ms - 12139[0m
[0mGET / [36m304[0m 91.826 ms - -[0m
[0mGET / [36m304[0m 36.819 ms - -[0m
[0mGET / [36m304[0m 101.962 ms - -[0m
[0mGET / [36m304[0m 101.153 ms - -[0m
[0mGET / [31m500[0m 75.240 ms - 148[0m
[0mGET / [31m500[0m 31.181 ms - 148[0m
[0mGET / [31m500[0m 21.712 ms - 148[0m
[0mGET / [32m200[0m 71.059 ms - 12203[0m
[0mGET / [36m304[0m 64.474 ms - -[0m
[0mGET / [36m304[0m 78.761 ms - -[0m
[0mGET / [36m304[0m 77.135 ms - -[0m
[0mGET / [31m500[0m 85.260 ms - 148[0m
[0mGET / [31m500[0m 33.674 ms - 148[0m
[0mGET / [32m200[0m 41.951 ms - 12201[0m
[0mGET / [36m304[0m 22.538 ms - -[0m
[0mGET / [32m200[0m 144.553 ms - 12395[0m
[0mGET / [36m304[0m 38.492 ms - -[0m
[0mGET / [36m304[0m 53.513 ms - -[0m
[0mGET / [32m200[0m 113.584 ms - 12734[0m
[0mGET /js/home.js [33m404[0m 249.742 ms - 149[0m
[0mGET /js/home.js [33m404[0m 3.863 ms - 149[0m
[0mGET /js/home.js [33m404[0m 6.701 ms - 149[0m
[0mGET /home.html [33m404[0m 10.752 ms - 148[0m
[0mGET / [32m200[0m 208.404 ms - 12734[0m
[0mGET /js/home.js [33m404[0m 22.404 ms - 149[0m
[0mGET /js/home.js [33m404[0m 3.247 ms - 149[0m
[0mGET /js/home.js [33m404[0m 3.100 ms - 149[0m
[0mGET /favicon.ico [33m404[0m 1.729 ms - 150[0m
[0mGET /users/sign-in [32m200[0m 8.313 ms - 4192[0m
[0mGET /users/css/header.css [33m404[0m 20.691 ms - 159[0m
[0mGET /users/css/layout.css [33m404[0m 25.063 ms - 159[0m
[0mGET /users/css/footer.css [33m404[0m 20.647 ms - 159[0m
[0mGET /users/css/home.css [33m404[0m 42.556 ms - 157[0m
[0mGET /users/css/layout.css [33m404[0m 12.289 ms - 159[0m
[0mGET /users/css/header.css [33m404[0m 12.911 ms - 159[0m
[0mGET /users/css/footer.css [33m404[0m 12.510 ms - 159[0m
[0mGET /users/css/home.css [33m404[0m 13.651 ms - 157[0m
[0mGET /users/sign-in [32m200[0m 51.420 ms - 4196[0m
[0mGET /users/sign-in [36m304[0m 11.973 ms - -[0m
